<?xml version="1.0" encoding="UTF-8"?>
<coverage generated="1773664924758" clover="3.2.0">
  <project timestamp="1773664924758" name="All files">
    <metrics statements="30" coveredstatements="30" conditionals="10" coveredconditionals="10" methods="16" coveredmethods="16" elements="56" coveredelements="56" complexity="0" loc="30" ncloc="30" packages="3" files="5" classes="5"/>
    <package name="src">
      <metrics statements="1" coveredstatements="1" conditionals="0" coveredconditionals="0" methods="1" coveredmethods="1"/>
      <file name="App.jsx" path="C:\Users\ajann\Documents\WISS\450 - Applikationen testen\M450-Starterprojekt\src\front-end\src\App.jsx">
        <metrics statements="1" coveredstatements="1" conditionals="0" coveredconditionals="0" methods="1" coveredmethods="1"/>
        <line num="7" count="1" type="stmt"/>
      </file>
    </package>
    <package name="src.components">
      <metrics statements="26" coveredstatements="26" conditionals="4" coveredconditionals="4" methods="14" coveredmethods="14"/>
      <file name="AddItem.jsx" path="C:\Users\ajann\Documents\WISS\450 - Applikationen testen\M450-Starterprojekt\src\front-end\src\components\AddItem.jsx">
        <metrics statements="7" coveredstatements="7" conditionals="0" coveredconditionals="0" methods="4" coveredmethods="4"/>
        <line num="5" count="5" type="stmt"/>
        <line num="8" count="2" type="stmt"/>
        <line num="10" count="2" type="stmt"/>
        <line num="13" count="2" type="stmt"/>
        <line num="14" count="2" type="stmt"/>
        <line num="18" count="5" type="stmt"/>
        <line num="28" count="2" type="stmt"/>
      </file>
      <file name="ItemList.jsx" path="C:\Users\ajann\Documents\WISS\450 - Applikationen testen\M450-Starterprojekt\src\front-end\src\components\ItemList.jsx">
        <metrics statements="10" coveredstatements="10" conditionals="2" coveredconditionals="2" methods="6" coveredmethods="6"/>
        <line num="5" count="4" type="stmt"/>
        <line num="7" count="4" type="stmt"/>
        <line num="8" count="3" type="stmt"/>
        <line num="10" count="3" type="cond" truecount="2" falsecount="0"/>
        <line num="11" count="2" type="stmt"/>
        <line num="14" count="1" type="stmt"/>
        <line num="16" count="2" type="stmt"/>
        <line num="17" count="1" type="stmt"/>
        <line num="20" count="4" type="stmt"/>
        <line num="25" count="2" type="stmt"/>
      </file>
      <file name="ItemRow.jsx" path="C:\Users\ajann\Documents\WISS\450 - Applikationen testen\M450-Starterprojekt\src\front-end\src\components\ItemRow.jsx">
        <metrics statements="9" coveredstatements="9" conditionals="2" coveredconditionals="2" methods="4" coveredmethods="4"/>
        <line num="6" count="2" type="stmt"/>
        <line num="8" count="2" type="stmt"/>
        <line num="12" count="2" type="cond" truecount="2" falsecount="0"/>
        <line num="13" count="1" type="stmt"/>
        <line num="14" count="1" type="stmt"/>
        <line num="17" count="1" type="stmt"/>
        <line num="19" count="1" type="stmt"/>
        <line num="22" count="4" type="stmt"/>
        <line num="43" count="3" type="stmt"/>
      </file>
    </package>
    <package name="src.utils">
      <metrics statements="3" coveredstatements="3" conditionals="6" coveredconditionals="6" methods="1" coveredmethods="1"/>
      <file name="browser.js" path="C:\Users\ajann\Documents\WISS\450 - Applikationen testen\M450-Starterprojekt\src\front-end\src\utils\browser.js">
        <metrics statements="3" coveredstatements="3" conditionals="6" coveredconditionals="6" methods="1" coveredmethods="1"/>
        <line num="2" count="5" type="cond" truecount="4" falsecount="0"/>
        <line num="3" count="4" type="stmt"/>
        <line num="6" count="1" type="stmt"/>
      </file>
    </package>
  </project>
</coverage>
