{"C:\\Users\\ajann\\Documents\\WISS\\450 - Applikationen testen\\M450-Starterprojekt\\src\\front-end\\src\\App.jsx": {"path":"C:\\Users\\ajann\\Documents\\WISS\\450 - Applikationen testen\\M450-Starterprojekt\\src\\front-end\\src\\App.jsx","statementMap":{"0":{"start":{"line":7,"column":2},"end":{"line":16,"column":4}}},"fnMap":{"0":{"name":"App","decl":{"start":{"line":6,"column":9},"end":{"line":6,"column":12}},"loc":{"start":{"line":6,"column":15},"end":{"line":17,"column":1}},"line":6}},"branchMap":{},"s":{"0":1},"f":{"0":1},"b":{},"_coverageSchema":"1a1c01bbd47fc00a2c39e90264f33305004495a9","hash":"93e1daee5710d0408cfa0f4ce83f8baf14b86f54"}
,"C:\\Users\\ajann\\Documents\\WISS\\450 - Applikationen testen\\M450-Starterprojekt\\src\\front-end\\src\\components\\AddItem.jsx": {"path":"C:\\Users\\ajann\\Documents\\WISS\\450 - Applikationen testen\\M450-Starterprojekt\\src\\front-end\\src\\components\\AddItem.jsx","statementMap":{"0":{"start":{"line":5,"column":35},"end":{"line":5,"column":47}},"1":{"start":{"line":8,"column":4},"end":{"line":8,"column":27}},"2":{"start":{"line":10,"column":4},"end":{"line":15,"column":7}},"3":{"start":{"line":13,"column":6},"end":{"line":13,"column":28}},"4":{"start":{"line":14,"column":6},"end":{"line":14,"column":19}},"5":{"start":{"line":18,"column":2},"end":{"line":38,"column":4}},"6":{"start":{"line":28,"column":29},"end":{"line":28,"column":56}}},"fnMap":{"0":{"name":"AddItem","decl":{"start":{"line":4,"column":9},"end":{"line":4,"column":16}},"loc":{"start":{"line":4,"column":19},"end":{"line":39,"column":1}},"line":4},"1":{"name":"addClicked","decl":{"start":{"line":7,"column":11},"end":{"line":7,"column":21}},"loc":{"start":{"line":7,"column":29},"end":{"line":16,"column":3}},"line":7},"2":{"name":"(anonymous_2)","decl":{"start":{"line":12,"column":12},"end":{"line":12,"column":13}},"loc":{"start":{"line":12,"column":26},"end":{"line":15,"column":5}},"line":12},"3":{"name":"(anonymous_3)","decl":{"start":{"line":28,"column":22},"end":{"line":28,"column":23}},"loc":{"start":{"line":28,"column":29},"end":{"line":28,"column":56}},"line":28}},"branchMap":{},"s":{"0":5,"1":2,"2":2,"3":2,"4":2,"5":5,"6":2},"f":{"0":5,"1":2,"2":2,"3":2},"b":{},"_coverageSchema":"1a1c01bbd47fc00a2c39e90264f33305004495a9","hash":"88053ae7c7e55fca3f744537e4601f03311cfacf"}
,"C:\\Users\\ajann\\Documents\\WISS\\450 - Applikationen testen\\M450-Starterprojekt\\src\\front-end\\src\\components\\ItemList.jsx": {"path":"C:\\Users\\ajann\\Documents\\WISS\\450 - Applikationen testen\\M450-Starterprojekt\\src\\front-end\\src\\components\\ItemList.jsx","statementMap":{"0":{"start":{"line":5,"column":28},"end":{"line":5,"column":40}},"1":{"start":{"line":7,"column":2},"end":{"line":15,"column":9}},"2":{"start":{"line":8,"column":4},"end":{"line":14,"column":46}},"3":{"start":{"line":11,"column":10},"end":{"line":11,"column":70}},"4":{"start":{"line":13,"column":22},"end":{"line":13,"column":36}},"5":{"start":{"line":14,"column":24},"end":{"line":14,"column":44}},"6":{"start":{"line":17,"column":2},"end":{"line":26,"column":4}},"7":{"start":{"line":22,"column":10},"end":{"line":22,"column":47}}},"fnMap":{"0":{"name":"ItemList","decl":{"start":{"line":4,"column":9},"end":{"line":4,"column":17}},"loc":{"start":{"line":4,"column":20},"end":{"line":27,"column":1}},"line":4},"1":{"name":"(anonymous_1)","decl":{"start":{"line":7,"column":12},"end":{"line":7,"column":13}},"loc":{"start":{"line":7,"column":18},"end":{"line":15,"column":3}},"line":7},"2":{"name":"(anonymous_2)","decl":{"start":{"line":10,"column":8},"end":{"line":10,"column":9}},"loc":{"start":{"line":11,"column":10},"end":{"line":11,"column":70}},"line":11},"3":{"name":"(anonymous_3)","decl":{"start":{"line":13,"column":12},"end":{"line":13,"column":13}},"loc":{"start":{"line":13,"column":22},"end":{"line":13,"column":36}},"line":13},"4":{"name":"(anonymous_4)","decl":{"start":{"line":14,"column":13},"end":{"line":14,"column":14}},"loc":{"start":{"line":14,"column":24},"end":{"line":14,"column":44}},"line":14},"5":{"name":"(anonymous_5)","decl":{"start":{"line":21,"column":19},"end":{"line":21,"column":20}},"loc":{"start":{"line":22,"column":10},"end":{"line":22,"column":47}},"line":22}},"branchMap":{"0":{"loc":{"start":{"line":11,"column":10},"end":{"line":11,"column":70}},"type":"binary-expr","locations":[{"start":{"line":11,"column":11},"end":{"line":11,"column":22}},{"start":{"line":11,"column":26},"end":{"line":11,"column":41}},{"start":{"line":11,"column":46},"end":{"line":11,"column":70}}],"line":11}},"s":{"0":4,"1":4,"2":3,"3":3,"4":2,"5":1,"6":4,"7":2},"f":{"0":4,"1":3,"2":3,"3":2,"4":1,"5":2},"b":{"0":[3,2,1]},"_coverageSchema":"1a1c01bbd47fc00a2c39e90264f33305004495a9","hash":"f511e873bc8f223eef69bf97a0b8ca68abee5c92"}
,"C:\\Users\\ajann\\Documents\\WISS\\450 - Applikationen testen\\M450-Starterprojekt\\src\\front-end\\src\\components\\ItemRow.jsx": {"path":"C:\\Users\\ajann\\Documents\\WISS\\450 - Applikationen testen\\M450-Starterprojekt\\src\\front-end\\src\\components\\ItemRow.jsx","statementMap":{"0":{"start":{"line":5,"column":4},"end":{"line":5,"column":27}},"1":{"start":{"line":7,"column":4},"end":{"line":18,"column":46}},"2":{"start":{"line":11,"column":8},"end":{"line":14,"column":9}},"3":{"start":{"line":12,"column":10},"end":{"line":12,"column":23}},"4":{"start":{"line":13,"column":10},"end":{"line":13,"column":17}},"5":{"start":{"line":16,"column":8},"end":{"line":16,"column":40}},"6":{"start":{"line":18,"column":24},"end":{"line":18,"column":44}},"7":{"start":{"line":21,"column":2},"end":{"line":41,"column":4}}},"fnMap":{"0":{"name":"ItemRow","decl":{"start":{"line":3,"column":9},"end":{"line":3,"column":16}},"loc":{"start":{"line":3,"column":24},"end":{"line":42,"column":1}},"line":3},"1":{"name":"removeItem","decl":{"start":{"line":4,"column":11},"end":{"line":4,"column":21}},"loc":{"start":{"line":4,"column":29},"end":{"line":19,"column":3}},"line":4},"2":{"name":"(anonymous_2)","decl":{"start":{"line":10,"column":12},"end":{"line":10,"column":13}},"loc":{"start":{"line":10,"column":26},"end":{"line":17,"column":7}},"line":10},"3":{"name":"(anonymous_3)","decl":{"start":{"line":18,"column":13},"end":{"line":18,"column":14}},"loc":{"start":{"line":18,"column":24},"end":{"line":18,"column":44}},"line":18}},"branchMap":{"0":{"loc":{"start":{"line":11,"column":8},"end":{"line":14,"column":9}},"type":"if","locations":[{"start":{"line":11,"column":8},"end":{"line":14,"column":9}},{"start":{},"end":{}}],"line":11}},"s":{"0":2,"1":2,"2":2,"3":1,"4":1,"5":1,"6":1,"7":4},"f":{"0":4,"1":2,"2":2,"3":1},"b":{"0":[1,1]},"_coverageSchema":"1a1c01bbd47fc00a2c39e90264f33305004495a9","hash":"3f5078c06089ff54ca6485498a040bdcf0380121"}
,"C:\\Users\\ajann\\Documents\\WISS\\450 - Applikationen testen\\M450-Starterprojekt\\src\\front-end\\src\\utils\\browser.js": {"path":"C:\\Users\\ajann\\Documents\\WISS\\450 - Applikationen testen\\M450-Starterprojekt\\src\\front-end\\src\\utils\\browser.js","statementMap":{"0":{"start":{"line":2,"column":2},"end":{"line":2,"column":23}}},"fnMap":{"0":{"name":"reloadPage","decl":{"start":{"line":1,"column":16},"end":{"line":1,"column":26}},"loc":{"start":{"line":1,"column":29},"end":{"line":3,"column":1}},"line":1}},"branchMap":{},"s":{"0":3},"f":{"0":3},"b":{},"_coverageSchema":"1a1c01bbd47fc00a2c39e90264f33305004495a9","hash":"f00b22112d6fd5fbd69dc95ce534af3b942992f6"}
}
