TN:
SF:src\App.jsx
FN:6,App
FNF:1
FNH:1
FNDA:1,App
DA:7,1
LF:1
LH:1
BRF:0
BRH:0
end_of_record
TN:
SF:src\components\AddItem.jsx
FN:4,AddItem
FN:7,addClicked
FN:12,(anonymous_2)
FN:28,(anonymous_3)
FNF:4
FNH:4
FNDA:5,AddItem
FNDA:2,addClicked
FNDA:2,(anonymous_2)
FNDA:2,(anonymous_3)
DA:5,5
DA:8,2
DA:10,2
DA:13,2
DA:14,2
DA:18,5
DA:28,2
LF:7
LH:7
BRF:0
BRH:0
end_of_record
TN:
SF:src\components\ItemList.jsx
FN:4,ItemList
FN:7,(anonymous_1)
FN:9,(anonymous_2)
FN:16,(anonymous_3)
FN:17,(anonymous_4)
FN:24,(anonymous_5)
FNF:6
FNH:6
FNDA:4,ItemList
FNDA:3,(anonymous_1)
FNDA:3,(anonymous_2)
FNDA:2,(anonymous_3)
FNDA:1,(anonymous_4)
FNDA:2,(anonymous_5)
DA:5,4
DA:7,4
DA:8,3
DA:10,3
DA:11,2
DA:14,1
DA:16,2
DA:17,1
DA:20,4
DA:25,2
LF:10
LH:10
BRDA:10,0,0,2
BRDA:10,0,1,1
BRF:2
BRH:2
end_of_record
TN:
SF:src\components\ItemRow.jsx
FN:4,ItemRow
FN:5,removeItem
FN:11,(anonymous_2)
FN:19,(anonymous_3)
FNF:4
FNH:4
FNDA:4,ItemRow
FNDA:2,removeItem
FNDA:2,(anonymous_2)
FNDA:1,(anonymous_3)
DA:6,2
DA:8,2
DA:12,2
DA:13,1
DA:14,1
DA:17,1
DA:19,1
DA:22,4
DA:43,3
LF:9
LH:9
BRDA:12,0,0,1
BRDA:12,0,1,1
BRF:2
BRH:2
end_of_record
TN:
SF:src\utils\browser.js
FN:1,reloadPage
FNF:1
FNH:1
FNDA:5,reloadPage
DA:2,5
DA:3,4
DA:6,1
LF:3
LH:3
BRDA:1,0,0,3
BRDA:1,1,0,4
BRDA:2,2,0,4
BRDA:2,2,1,1
BRDA:2,3,0,5
BRDA:2,3,1,4
BRF:6
BRH:6
end_of_record
